2019-07-27 04:02:03 Error: [Error] Class 'Cake\Core\Configure' not found
Request URL: /hopevillage/
Stack Trace:
#0 C:\xampp2\htdocs\hopevillage\lib\Cake\View\View.php(971): include()
#1 C:\xampp2\htdocs\hopevillage\lib\Cake\View\View.php(933): View->_evaluate('C:\\xampp2\\htdoc...', Array)
#2 C:\xampp2\htdocs\hopevillage\lib\Cake\View\View.php(473): View->_render('C:\\xampp2\\htdoc...')
#3 C:\xampp2\htdocs\hopevillage\lib\Cake\Controller\Controller.php(968): View->render('home', NULL)
#4 C:\xampp2\htdocs\hopevillage\app\Controller\PagesController.php(72): Controller->render('home')
#5 [internal function]: PagesController->display('home')
#6 C:\xampp2\htdocs\hopevillage\lib\Cake\Controller\Controller.php(499): ReflectionMethod->invokeArgs(Object(PagesController), Array)
#7 C:\xampp2\htdocs\hopevillage\lib\Cake\Routing\Dispatcher.php(193): Controller->invokeAction(Object(CakeRequest))
#8 C:\xampp2\htdocs\hopevillage\lib\Cake\Routing\Dispatcher.php(167): Dispatcher->_invoke(Object(PagesController), Object(CakeRequest))
#9 C:\xampp2\htdocs\hopevillage\app\webroot\index.php(117): Dispatcher->dispatch(Object(CakeRequest), Object(CakeResponse))
#10 {main}
2019-07-27 04:05:32 Error: [Error] Class 'Cake\Core\Configure' not found
Request URL: /hopevillage/
Stack Trace:
#0 C:\xampp2\htdocs\hopevillage\lib\Cake\View\View.php(971): include()
#1 C:\xampp2\htdocs\hopevillage\lib\Cake\View\View.php(933): View->_evaluate('C:\\xampp2\\htdoc...', Array)
#2 C:\xampp2\htdocs\hopevillage\lib\Cake\View\View.php(473): View->_render('C:\\xampp2\\htdoc...')
#3 C:\xampp2\htdocs\hopevillage\lib\Cake\Controller\Controller.php(968): View->render('home', NULL)
#4 C:\xampp2\htdocs\hopevillage\app\Controller\PagesController.php(72): Controller->render('home')
#5 [internal function]: PagesController->display('home')
#6 C:\xampp2\htdocs\hopevillage\lib\Cake\Controller\Controller.php(499): ReflectionMethod->invokeArgs(Object(PagesController), Array)
#7 C:\xampp2\htdocs\hopevillage\lib\Cake\Routing\Dispatcher.php(193): Controller->invokeAction(Object(CakeRequest))
#8 C:\xampp2\htdocs\hopevillage\lib\Cake\Routing\Dispatcher.php(167): Dispatcher->_invoke(Object(PagesController), Object(CakeRequest))
#9 C:\xampp2\htdocs\hopevillage\app\webroot\index.php(117): Dispatcher->dispatch(Object(CakeRequest), Object(CakeResponse))
#10 {main}
2019-08-08 11:02:05 Error: [Error] Class 'Cake\Core\Configure' not found
Request URL: /hopevillage/
Stack Trace:
#0 C:\xampp2\htdocs\hopevillage\lib\Cake\View\View.php(971): include()
#1 C:\xampp2\htdocs\hopevillage\lib\Cake\View\View.php(933): View->_evaluate('C:\\xampp2\\htdoc...', Array)
#2 C:\xampp2\htdocs\hopevillage\lib\Cake\View\View.php(473): View->_render('C:\\xampp2\\htdoc...')
#3 C:\xampp2\htdocs\hopevillage\lib\Cake\Controller\Controller.php(968): View->render('home', NULL)
#4 C:\xampp2\htdocs\hopevillage\app\Controller\PagesController.php(72): Controller->render('home')
#5 [internal function]: PagesController->display('home')
#6 C:\xampp2\htdocs\hopevillage\lib\Cake\Controller\Controller.php(499): ReflectionMethod->invokeArgs(Object(PagesController), Array)
#7 C:\xampp2\htdocs\hopevillage\lib\Cake\Routing\Dispatcher.php(193): Controller->invokeAction(Object(CakeRequest))
#8 C:\xampp2\htdocs\hopevillage\lib\Cake\Routing\Dispatcher.php(167): Dispatcher->_invoke(Object(PagesController), Object(CakeRequest))
#9 C:\xampp2\htdocs\hopevillage\app\webroot\index.php(117): Dispatcher->dispatch(Object(CakeRequest), Object(CakeResponse))
#10 {main}
2019-08-08 11:02:20 Error: [Error] Class 'Cake\Core\Configure' not found
Request URL: /hopevillage/
Stack Trace:
#0 C:\xampp2\htdocs\hopevillage\lib\Cake\View\View.php(971): include()
#1 C:\xampp2\htdocs\hopevillage\lib\Cake\View\View.php(933): View->_evaluate('C:\\xampp2\\htdoc...', Array)
#2 C:\xampp2\htdocs\hopevillage\lib\Cake\View\View.php(473): View->_render('C:\\xampp2\\htdoc...')
#3 C:\xampp2\htdocs\hopevillage\lib\Cake\Controller\Controller.php(968): View->render('home', NULL)
#4 C:\xampp2\htdocs\hopevillage\app\Controller\PagesController.php(72): Controller->render('home')
#5 [internal function]: PagesController->display('home')
#6 C:\xampp2\htdocs\hopevillage\lib\Cake\Controller\Controller.php(499): ReflectionMethod->invokeArgs(Object(PagesController), Array)
#7 C:\xampp2\htdocs\hopevillage\lib\Cake\Routing\Dispatcher.php(193): Controller->invokeAction(Object(CakeRequest))
#8 C:\xampp2\htdocs\hopevillage\lib\Cake\Routing\Dispatcher.php(167): Dispatcher->_invoke(Object(PagesController), Object(CakeRequest))
#9 C:\xampp2\htdocs\hopevillage\app\webroot\index.php(117): Dispatcher->dispatch(Object(CakeRequest), Object(CakeResponse))
#10 {main}
2019-08-08 11:03:19 Error: [Error] Class 'Cake\Core\Configure' not found
Request URL: /hopevillage/
Stack Trace:
#0 C:\xampp2\htdocs\hopevillage\lib\Cake\View\View.php(971): include()
#1 C:\xampp2\htdocs\hopevillage\lib\Cake\View\View.php(933): View->_evaluate('C:\\xampp2\\htdoc...', Array)
#2 C:\xampp2\htdocs\hopevillage\lib\Cake\View\View.php(473): View->_render('C:\\xampp2\\htdoc...')
#3 C:\xampp2\htdocs\hopevillage\lib\Cake\Controller\Controller.php(968): View->render('home', NULL)
#4 C:\xampp2\htdocs\hopevillage\app\Controller\PagesController.php(72): Controller->render('home')
#5 [internal function]: PagesController->display('home')
#6 C:\xampp2\htdocs\hopevillage\lib\Cake\Controller\Controller.php(499): ReflectionMethod->invokeArgs(Object(PagesController), Array)
#7 C:\xampp2\htdocs\hopevillage\lib\Cake\Routing\Dispatcher.php(193): Controller->invokeAction(Object(CakeRequest))
#8 C:\xampp2\htdocs\hopevillage\lib\Cake\Routing\Dispatcher.php(167): Dispatcher->_invoke(Object(PagesController), Object(CakeRequest))
#9 C:\xampp2\htdocs\hopevillage\app\webroot\index.php(117): Dispatcher->dispatch(Object(CakeRequest), Object(CakeResponse))
#10 {main}
2019-08-08 11:03:39 Error: [Error] Class 'Cake\Core\Configure' not found
Request URL: /hopevillage/
Stack Trace:
#0 C:\xampp2\htdocs\hopevillage\lib\Cake\View\View.php(971): include()
#1 C:\xampp2\htdocs\hopevillage\lib\Cake\View\View.php(933): View->_evaluate('C:\\xampp2\\htdoc...', Array)
#2 C:\xampp2\htdocs\hopevillage\lib\Cake\View\View.php(473): View->_render('C:\\xampp2\\htdoc...')
#3 C:\xampp2\htdocs\hopevillage\lib\Cake\Controller\Controller.php(968): View->render('home', NULL)
#4 C:\xampp2\htdocs\hopevillage\app\Controller\PagesController.php(72): Controller->render('home')
#5 [internal function]: PagesController->display('home')
#6 C:\xampp2\htdocs\hopevillage\lib\Cake\Controller\Controller.php(499): ReflectionMethod->invokeArgs(Object(PagesController), Array)
#7 C:\xampp2\htdocs\hopevillage\lib\Cake\Routing\Dispatcher.php(193): Controller->invokeAction(Object(CakeRequest))
#8 C:\xampp2\htdocs\hopevillage\lib\Cake\Routing\Dispatcher.php(167): Dispatcher->_invoke(Object(PagesController), Object(CakeRequest))
#9 C:\xampp2\htdocs\hopevillage\app\webroot\index.php(117): Dispatcher->dispatch(Object(CakeRequest), Object(CakeResponse))
#10 {main}
2019-08-08 11:05:17 Error: [MissingControllerException] Controller class DonateController could not be found.
Exception Attributes: array (
  'class' => 'DonateController',
  'plugin' => NULL,
)
Request URL: /hopevillage/donate
Stack Trace:
#0 C:\xampp2\htdocs\hopevillage\app\webroot\index.php(117): Dispatcher->dispatch(Object(CakeRequest), Object(CakeResponse))
#1 {main}
2019-08-08 11:07:08 Error: [MissingControllerException] Controller class DonateController could not be found.
Exception Attributes: array (
  'class' => 'DonateController',
  'plugin' => NULL,
)
Request URL: /hopevillage/donate
Stack Trace:
#0 C:\xampp2\htdocs\hopevillage\app\webroot\index.php(117): Dispatcher->dispatch(Object(CakeRequest), Object(CakeResponse))
#1 {main}
2019-08-08 11:07:16 Error: [MissingControllerException] Controller class DonationsController could not be found.
Exception Attributes: array (
  'class' => 'DonationsController',
  'plugin' => NULL,
)
Request URL: /hopevillage/donations
Stack Trace:
#0 C:\xampp2\htdocs\hopevillage\app\webroot\index.php(117): Dispatcher->dispatch(Object(CakeRequest), Object(CakeResponse))
#1 {main}
2019-08-08 11:07:37 Error: [Error] Class 'Cake\Core\Configure' not found
Request URL: /hopevillage/donations
Stack Trace:
#0 C:\xampp2\htdocs\hopevillage\lib\Cake\View\View.php(971): include()
#1 C:\xampp2\htdocs\hopevillage\lib\Cake\View\View.php(933): View->_evaluate('C:\\xampp2\\htdoc...', Array)
#2 C:\xampp2\htdocs\hopevillage\lib\Cake\View\View.php(473): View->_render('C:\\xampp2\\htdoc...')
#3 C:\xampp2\htdocs\hopevillage\lib\Cake\Controller\Controller.php(968): View->render(NULL, NULL)
#4 C:\xampp2\htdocs\hopevillage\lib\Cake\Routing\Dispatcher.php(200): Controller->render()
#5 C:\xampp2\htdocs\hopevillage\lib\Cake\Routing\Dispatcher.php(167): Dispatcher->_invoke(Object(DonationsController), Object(CakeRequest))
#6 C:\xampp2\htdocs\hopevillage\app\webroot\index.php(117): Dispatcher->dispatch(Object(CakeRequest), Object(CakeResponse))
#7 {main}
2019-08-08 11:08:02 Error: [MissingControllerException] Controller class CssController could not be found.
Exception Attributes: array (
  'class' => 'CssController',
  'plugin' => NULL,
)
Request URL: /hopevillage/css/bootstrap.min.css
Stack Trace:
#0 C:\xampp2\htdocs\hopevillage\app\webroot\index.php(117): Dispatcher->dispatch(Object(CakeRequest), Object(CakeResponse))
#1 {main}
2019-08-08 11:08:02 Error: [MissingControllerException] Controller class JsController could not be found.
Exception Attributes: array (
  'class' => 'JsController',
  'plugin' => NULL,
)
Request URL: /hopevillage/js/bootstrap.min.js
Stack Trace:
#0 C:\xampp2\htdocs\hopevillage\app\webroot\index.php(117): Dispatcher->dispatch(Object(CakeRequest), Object(CakeResponse))
#1 {main}
2019-08-08 11:08:03 Error: [MissingControllerException] Controller class JsController could not be found.
Exception Attributes: array (
  'class' => 'JsController',
  'plugin' => NULL,
)
Request URL: /hopevillage/js/bootstrap.min.js
Stack Trace:
#0 C:\xampp2\htdocs\hopevillage\app\webroot\index.php(117): Dispatcher->dispatch(Object(CakeRequest), Object(CakeResponse))
#1 {main}
2019-08-08 11:09:42 Error: [MissingControllerException] Controller class CssController could not be found.
Exception Attributes: array (
  'class' => 'CssController',
  'plugin' => NULL,
)
Request URL: /hopevillage/css/bootstrap.min.css.map
Stack Trace:
#0 C:\xampp2\htdocs\hopevillage\app\webroot\index.php(117): Dispatcher->dispatch(Object(CakeRequest), Object(CakeResponse))
#1 {main}
2019-08-08 11:09:42 Error: [MissingControllerException] Controller class JsController could not be found.
Exception Attributes: array (
  'class' => 'JsController',
  'plugin' => NULL,
)
Request URL: /hopevillage/js/bootstrap.min.js.map
Stack Trace:
#0 C:\xampp2\htdocs\hopevillage\app\webroot\index.php(117): Dispatcher->dispatch(Object(CakeRequest), Object(CakeResponse))
#1 {main}
2019-08-08 11:11:01 Error: [MissingControllerException] Controller class JsController could not be found.
Exception Attributes: array (
  'class' => 'JsController',
  'plugin' => NULL,
)
Request URL: /hopevillage/js/bootstrap.min.js.map
Stack Trace:
#0 C:\xampp2\htdocs\hopevillage\app\webroot\index.php(117): Dispatcher->dispatch(Object(CakeRequest), Object(CakeResponse))
#1 {main}
2019-08-08 11:11:01 Error: [MissingControllerException] Controller class CssController could not be found.
Exception Attributes: array (
  'class' => 'CssController',
  'plugin' => NULL,
)
Request URL: /hopevillage/css/bootstrap.min.css.map
Stack Trace:
#0 C:\xampp2\htdocs\hopevillage\app\webroot\index.php(117): Dispatcher->dispatch(Object(CakeRequest), Object(CakeResponse))
#1 {main}
2019-08-08 11:11:17 Error: [MissingControllerException] Controller class JsController could not be found.
Exception Attributes: array (
  'class' => 'JsController',
  'plugin' => NULL,
)
Request URL: /hopevillage/js/bootstrap.min.js.map
Stack Trace:
#0 C:\xampp2\htdocs\hopevillage\app\webroot\index.php(117): Dispatcher->dispatch(Object(CakeRequest), Object(CakeResponse))
#1 {main}
2019-08-08 11:11:17 Error: [MissingControllerException] Controller class CssController could not be found.
Exception Attributes: array (
  'class' => 'CssController',
  'plugin' => NULL,
)
Request URL: /hopevillage/css/bootstrap.min.css.map
Stack Trace:
#0 C:\xampp2\htdocs\hopevillage\app\webroot\index.php(117): Dispatcher->dispatch(Object(CakeRequest), Object(CakeResponse))
#1 {main}
2019-08-08 11:17:39 Error: [MissingControllerException] Controller class JsController could not be found.
Exception Attributes: array (
  'class' => 'JsController',
  'plugin' => NULL,
)
Request URL: /hopevillage/js/bootstrap.min.js.map
Stack Trace:
#0 C:\xampp2\htdocs\hopevillage\app\webroot\index.php(117): Dispatcher->dispatch(Object(CakeRequest), Object(CakeResponse))
#1 {main}
2019-08-08 11:17:39 Error: [MissingControllerException] Controller class CssController could not be found.
Exception Attributes: array (
  'class' => 'CssController',
  'plugin' => NULL,
)
Request URL: /hopevillage/css/bootstrap.min.css.map
Stack Trace:
#0 C:\xampp2\htdocs\hopevillage\app\webroot\index.php(117): Dispatcher->dispatch(Object(CakeRequest), Object(CakeResponse))
#1 {main}
2019-08-08 11:18:39 Error: [MissingControllerException] Controller class CssController could not be found.
Exception Attributes: array (
  'class' => 'CssController',
  'plugin' => NULL,
)
Request URL: /hopevillage/css/bootstrap.min.css.map
Stack Trace:
#0 C:\xampp2\htdocs\hopevillage\app\webroot\index.php(117): Dispatcher->dispatch(Object(CakeRequest), Object(CakeResponse))
#1 {main}
2019-08-08 11:18:39 Error: [MissingControllerException] Controller class JsController could not be found.
Exception Attributes: array (
  'class' => 'JsController',
  'plugin' => NULL,
)
Request URL: /hopevillage/js/bootstrap.min.js.map
Stack Trace:
#0 C:\xampp2\htdocs\hopevillage\app\webroot\index.php(117): Dispatcher->dispatch(Object(CakeRequest), Object(CakeResponse))
#1 {main}
2019-08-08 11:19:47 Error: [MissingControllerException] Controller class JsController could not be found.
Exception Attributes: array (
  'class' => 'JsController',
  'plugin' => NULL,
)
Request URL: /hopevillage/js/bootstrap.min.js.map
Stack Trace:
#0 C:\xampp2\htdocs\hopevillage\app\webroot\index.php(117): Dispatcher->dispatch(Object(CakeRequest), Object(CakeResponse))
#1 {main}
2019-08-08 11:19:47 Error: [MissingControllerException] Controller class CssController could not be found.
Exception Attributes: array (
  'class' => 'CssController',
  'plugin' => NULL,
)
Request URL: /hopevillage/css/bootstrap.min.css.map
Stack Trace:
#0 C:\xampp2\htdocs\hopevillage\app\webroot\index.php(117): Dispatcher->dispatch(Object(CakeRequest), Object(CakeResponse))
#1 {main}
2019-08-08 11:20:02 Error: [MissingControllerException] Controller class JsController could not be found.
Exception Attributes: array (
  'class' => 'JsController',
  'plugin' => NULL,
)
Request URL: /hopevillage/js/bootstrap.min.js.map
Stack Trace:
#0 C:\xampp2\htdocs\hopevillage\app\webroot\index.php(117): Dispatcher->dispatch(Object(CakeRequest), Object(CakeResponse))
#1 {main}
2019-08-08 11:20:02 Error: [MissingControllerException] Controller class CssController could not be found.
Exception Attributes: array (
  'class' => 'CssController',
  'plugin' => NULL,
)
Request URL: /hopevillage/css/bootstrap.min.css.map
Stack Trace:
#0 C:\xampp2\htdocs\hopevillage\app\webroot\index.php(117): Dispatcher->dispatch(Object(CakeRequest), Object(CakeResponse))
#1 {main}
2019-08-08 11:21:07 Error: [MissingControllerException] Controller class JsController could not be found.
Exception Attributes: array (
  'class' => 'JsController',
  'plugin' => NULL,
)
Request URL: /hopevillage/js/bootstrap.min.js.map
Stack Trace:
#0 C:\xampp2\htdocs\hopevillage\app\webroot\index.php(117): Dispatcher->dispatch(Object(CakeRequest), Object(CakeResponse))
#1 {main}
2019-08-08 11:21:07 Error: [MissingControllerException] Controller class CssController could not be found.
Exception Attributes: array (
  'class' => 'CssController',
  'plugin' => NULL,
)
Request URL: /hopevillage/css/bootstrap.min.css.map
Stack Trace:
#0 C:\xampp2\htdocs\hopevillage\app\webroot\index.php(117): Dispatcher->dispatch(Object(CakeRequest), Object(CakeResponse))
#1 {main}
2019-08-19 01:56:42 Error: [Error] Class 'Cake\Core\Configure' not found
Request URL: /hopevillage/
Stack Trace:
#0 C:\xampp2\htdocs\hopevillage\lib\Cake\View\View.php(971): include()
#1 C:\xampp2\htdocs\hopevillage\lib\Cake\View\View.php(933): View->_evaluate('C:\\xampp2\\htdoc...', Array)
#2 C:\xampp2\htdocs\hopevillage\lib\Cake\View\View.php(473): View->_render('C:\\xampp2\\htdoc...')
#3 C:\xampp2\htdocs\hopevillage\lib\Cake\Controller\Controller.php(968): View->render('home', NULL)
#4 C:\xampp2\htdocs\hopevillage\app\Controller\PagesController.php(72): Controller->render('home')
#5 [internal function]: PagesController->display('home')
#6 C:\xampp2\htdocs\hopevillage\lib\Cake\Controller\Controller.php(499): ReflectionMethod->invokeArgs(Object(PagesController), Array)
#7 C:\xampp2\htdocs\hopevillage\lib\Cake\Routing\Dispatcher.php(193): Controller->invokeAction(Object(CakeRequest))
#8 C:\xampp2\htdocs\hopevillage\lib\Cake\Routing\Dispatcher.php(167): Dispatcher->_invoke(Object(PagesController), Object(CakeRequest))
#9 C:\xampp2\htdocs\hopevillage\app\webroot\index.php(117): Dispatcher->dispatch(Object(CakeRequest), Object(CakeResponse))
#10 {main}
2019-08-19 01:56:48 Error: [MissingControllerException] Controller class DonateController could not be found.
Exception Attributes: array (
  'class' => 'DonateController',
  'plugin' => NULL,
)
Request URL: /hopevillage/donate
Stack Trace:
#0 C:\xampp2\htdocs\hopevillage\app\webroot\index.php(117): Dispatcher->dispatch(Object(CakeRequest), Object(CakeResponse))
#1 {main}
2019-08-19 01:57:06 Error: [Error] Class 'Cake\Core\Configure' not found
Request URL: /hopevillage/
Stack Trace:
#0 C:\xampp2\htdocs\hopevillage\lib\Cake\View\View.php(971): include()
#1 C:\xampp2\htdocs\hopevillage\lib\Cake\View\View.php(933): View->_evaluate('C:\\xampp2\\htdoc...', Array)
#2 C:\xampp2\htdocs\hopevillage\lib\Cake\View\View.php(473): View->_render('C:\\xampp2\\htdoc...')
#3 C:\xampp2\htdocs\hopevillage\lib\Cake\Controller\Controller.php(968): View->render('home', NULL)
#4 C:\xampp2\htdocs\hopevillage\app\Controller\PagesController.php(72): Controller->render('home')
#5 [internal function]: PagesController->display('home')
#6 C:\xampp2\htdocs\hopevillage\lib\Cake\Controller\Controller.php(499): ReflectionMethod->invokeArgs(Object(PagesController), Array)
#7 C:\xampp2\htdocs\hopevillage\lib\Cake\Routing\Dispatcher.php(193): Controller->invokeAction(Object(CakeRequest))
#8 C:\xampp2\htdocs\hopevillage\lib\Cake\Routing\Dispatcher.php(167): Dispatcher->_invoke(Object(PagesController), Object(CakeRequest))
#9 C:\xampp2\htdocs\hopevillage\app\webroot\index.php(117): Dispatcher->dispatch(Object(CakeRequest), Object(CakeResponse))
#10 {main}
2019-08-19 02:29:52 Error: [Error] Class 'Cake\Core\Configure' not found
Request URL: /hopevillage/
Stack Trace:
#0 C:\xampp2\htdocs\hopevillage\lib\Cake\View\View.php(971): include()
#1 C:\xampp2\htdocs\hopevillage\lib\Cake\View\View.php(933): View->_evaluate('C:\\xampp2\\htdoc...', Array)
#2 C:\xampp2\htdocs\hopevillage\lib\Cake\View\View.php(473): View->_render('C:\\xampp2\\htdoc...')
#3 C:\xampp2\htdocs\hopevillage\lib\Cake\Controller\Controller.php(968): View->render('home', NULL)
#4 C:\xampp2\htdocs\hopevillage\app\Controller\PagesController.php(72): Controller->render('home')
#5 [internal function]: PagesController->display('home')
#6 C:\xampp2\htdocs\hopevillage\lib\Cake\Controller\Controller.php(499): ReflectionMethod->invokeArgs(Object(PagesController), Array)
#7 C:\xampp2\htdocs\hopevillage\lib\Cake\Routing\Dispatcher.php(193): Controller->invokeAction(Object(CakeRequest))
#8 C:\xampp2\htdocs\hopevillage\lib\Cake\Routing\Dispatcher.php(167): Dispatcher->_invoke(Object(PagesController), Object(CakeRequest))
#9 C:\xampp2\htdocs\hopevillage\app\webroot\index.php(117): Dispatcher->dispatch(Object(CakeRequest), Object(CakeResponse))
#10 {main}
